make: Entering directory `/Users/bdurmus/projects'
cc    -c -o libft/ft_atoi.o libft/ft_atoi.c
cc    -c -o libft/ft_bzero.o libft/ft_bzero.c
cc    -c -o libft/ft_calloc.o libft/ft_calloc.c
cc    -c -o libft/ft_isalnum.o libft/ft_isalnum.c
cc    -c -o libft/ft_isalpha.o libft/ft_isalpha.c
cc    -c -o libft/ft_isascii.o libft/ft_isascii.c
cc    -c -o libft/ft_isdigit.o libft/ft_isdigit.c
cc    -c -o libft/ft_isprint.o libft/ft_isprint.c
cc    -c -o libft/ft_lstadd_back.o libft/ft_lstadd_back.c
cc    -c -o libft/ft_lstadd_front.o libft/ft_lstadd_front.c
cc    -c -o libft/ft_lstclear.o libft/ft_lstclear.c
cc    -c -o libft/ft_lstdelone.o libft/ft_lstdelone.c
cc    -c -o libft/ft_lstiter.o libft/ft_lstiter.c
cc    -c -o libft/ft_lstlast.o libft/ft_lstlast.c
cc    -c -o libft/ft_lstmap.o libft/ft_lstmap.c
cc    -c -o libft/ft_lstnew.o libft/ft_lstnew.c
cc    -c -o libft/ft_lstsize.o libft/ft_lstsize.c
cc    -c -o libft/ft_memchr.o libft/ft_memchr.c
cc    -c -o libft/ft_memcmp.o libft/ft_memcmp.c
cc    -c -o libft/ft_memcpy.o libft/ft_memcpy.c
cc    -c -o libft/ft_memmove.o libft/ft_memmove.c
cc    -c -o libft/ft_memset.o libft/ft_memset.c
cc    -c -o libft/ft_putchar_fd.o libft/ft_putchar_fd.c
cc    -c -o libft/ft_putendl_fd.o libft/ft_putendl_fd.c
cc    -c -o libft/ft_putnbr_fd.o libft/ft_putnbr_fd.c
cc    -c -o libft/ft_putstr_fd.o libft/ft_putstr_fd.c
cc    -c -o libft/ft_split.o libft/ft_split.c
cc    -c -o libft/ft_strchr.o libft/ft_strchr.c
cc    -c -o libft/ft_strdup.o libft/ft_strdup.c
cc    -c -o libft/ft_striteri.o libft/ft_striteri.c
cc    -c -o libft/ft_strjoin.o libft/ft_strjoin.c
cc    -c -o libft/ft_strlcat.o libft/ft_strlcat.c
cc    -c -o libft/ft_strlcpy.o libft/ft_strlcpy.c
cc    -c -o libft/ft_strlen.o libft/ft_strlen.c
cc    -c -o libft/ft_strmapi.o libft/ft_strmapi.c
cc    -c -o libft/ft_strncmp.o libft/ft_strncmp.c
cc    -c -o libft/ft_strnstr.o libft/ft_strnstr.c
cc    -c -o libft/ft_strrchr.o libft/ft_strrchr.c
cc    -c -o libft/ft_strtrim.o libft/ft_strtrim.c
cc    -c -o libft/ft_substr.o libft/ft_substr.c
cc    -c -o libft/ft_tolower.o libft/ft_tolower.c
cc    -c -o libft/ft_toupper.o libft/ft_toupper.c
cc    -c -o main.o main.c
cc    -c -o prepsorts.o prepsorts.c
cc    -c -o printf/ft_itoa.o printf/ft_itoa.c
cc    -c -o printf/ft_print_hex.o printf/ft_print_hex.c
cc    -c -o printf/ft_print_point.o printf/ft_print_point.c
cc    -c -o printf/ft_print_unsigned.o printf/ft_print_unsigned.c
cc    -c -o printf/ft_printf.o printf/ft_printf.c
cc    -c -o printf/ft_printf_utils.o printf/ft_printf_utils.c
cc    -c -o pushs.o pushs.c
cc    -c -o radixsort.o radixsort.c
cc    -c -o reverses.o reverses.c
cc    -c -o rotates.o rotates.c
cc    -c -o swaps.o swaps.c
cc    -c -o utils.o utils.c
make -C printf
make -C libft
gcc -Wall -Wextra -Werror  ./libft/ft_atoi.o ./libft/ft_bzero.o ./libft/ft_calloc.o ./libft/ft_isalnum.o ./libft/ft_isalpha.o ./libft/ft_isascii.o ./libft/ft_isdigit.o ./libft/ft_isprint.o ./libft/ft_lstadd_back.o ./libft/ft_lstadd_front.o ./libft/ft_lstclear.o ./libft/ft_lstdelone.o ./libft/ft_lstiter.o ./libft/ft_lstlast.o ./libft/ft_lstmap.o ./libft/ft_lstnew.o ./libft/ft_lstsize.o ./libft/ft_memchr.o ./libft/ft_memcmp.o ./libft/ft_memcpy.o ./libft/ft_memmove.o ./libft/ft_memset.o ./libft/ft_putchar_fd.o ./libft/ft_putendl_fd.o ./libft/ft_putnbr_fd.o ./libft/ft_putstr_fd.o ./libft/ft_split.o ./libft/ft_strchr.o ./libft/ft_strdup.o ./libft/ft_striteri.o ./libft/ft_strjoin.o ./libft/ft_strlcat.o ./libft/ft_strlcpy.o ./libft/ft_strlen.o ./libft/ft_strmapi.o ./libft/ft_strncmp.o ./libft/ft_strnstr.o ./libft/ft_strrchr.o ./libft/ft_strtrim.o ./libft/ft_substr.o ./libft/ft_tolower.o ./libft/ft_toupper.o ./main.o ./prepsorts.o ./printf/ft_itoa.o ./printf/ft_print_hex.o ./printf/ft_print_point.o ./printf/ft_print_unsigned.o ./printf/ft_printf.o ./printf/ft_printf_utils.o ./pushs.o ./radixsort.o ./reverses.o ./rotates.o ./swaps.o ./utils.o -o push_swap  ./printf/libftprintf.a ./libft/libft.a
make: Leaving directory `/Users/bdurmus/projects'
 
